root@eltex-practice2-pg2-v2:~# ls -l ~/.ssh/
total 4
-rw------- 1 root root 584 Mar 12 10:41 authorized_keys

root@eltex-practice2-pg2-v2:~# ls
practice2_root_part1.log

root@eltex-practice2-pg2-v2:~# useradd -m -s /bin/bash user1
root@eltex-practice2-pg2-v2:~# passwd user1
New password:
Retype new password:
passwd: password updated successfully

root@eltex-practice2-pg2-v2:~# adduser user2
info: Adding user `user2' ...
info: Selecting UID/GID from range 1000 to 59999 ...
info: Adding new group `user2' (1002) ...
info: Adding new user `user2' (1002) with group `user2 (1002)' ...
info: Creating home directory `/home/user2' ...
info: Copying files from `/etc/skel' ...
New password:
Retype new password:
No password has been supplied.
New password:
Retype new password:
No password has been supplied.
New password:
Retype new password:
No password has been supplied.
passwd: Authentication token manipulation error
passwd: password unchanged
Try again? [y/N]
Changing the user information for user2
Enter the new value, or press ENTER for the default
        Full Name []:
        Room Number []:
        Work Phone []:
        Home Phone []:
        Other []:
Is the information correct? [Y/n]
info: Adding new user `user2' to supplemental / extra groups `users' ...
info: Adding user `user2' to group `users' ...

root@eltex-practice2-pg2-v2:~# adduser user3
info: Adding user `user3' ...
info: Selecting UID/GID from range 1000 to 59999 ...
info: Adding new group `user3' (1003) ...
info: Adding new user `user3' (1003) with group `user3 (1003)' ...
info: Creating home directory `/home/user3' ...
info: Copying files from `/etc/skel' ...
New password:
Retype new password:
No password has been supplied.
New password:
Retype new password:
No password has been supplied.
New password:
Retype new password:
No password has been supplied.
passwd: Authentication token manipulation error
passwd: password unchanged
Try again? [y/N]
Changing the user information for user3
Enter the new value, or press ENTER for the default
        Full Name []:
        Room Number []:
        Work Phone []:
        Home Phone []:
        Other []:
Is the information correct? [Y/n]
info: Adding new user `user3' to supplemental / extra groups `users' ...
info: Adding user `user3' to group `users' ...

root@eltex-practice2-pg2-v2:~# usermod -s /user/sbin/nologin user3
usermod: Warning: missing or non-executable shell '/user/sbin/nologin'

root@eltex-practice2-pg2-v2:~# su user3
su: failed to execute /user/sbin/nologin: No such file or directory

root@eltex-practice2-pg2-v2:~# su -s /bin/bash user3
user3@eltex-practice2-pg2-v2:/root$ whoami
user3
user3@eltex-practice2-pg2-v2:/root$ exit
exit

root@eltex-practice2-pg2-v2:~# groupadd mew
root@eltex-practice2-pg2-v2:~# grep mew /etc/group
mew:x:1004:

root@eltex-practice2-pg2-v2:~# usermod -aG mew user1
root@eltex-practice2-pg2-v2:~# usermod -aG mew user2
root@eltex-practice2-pg2-v2:~# usermod -aG mew user3

root@eltex-practice2-pg2-v2:~# grep mew /etc/group
mew:x:1004:user1,user2,user3

root@eltex-practice2-pg2-v2:~# groups user1
user1 : user1 mew
root@eltex-practice2-pg2-v2:~# groups user2
user2 : user2 users mew
root@eltex-practice2-pg2-v2:~# groups user3
user3 : user3 users mew

root@eltex-practice2-pg2-v2:~# mkdir /opt/share
root@eltex-practice2-pg2-v2:~# ls
practice2_root_part1.log

root@eltex-practice2-pg2-v2:~# chgrp mew /opt/share
root@eltex-practice2-pg2-v2:~# ls -ld /opt/share
drwxr-xr-x 2 root mew 4096 Mar 16 07:07 /opt/share

root@eltex-practice2-pg2-v2:~# chmod g+rwx /opt/share/
root@eltex-practice2-pg2-v2:~# chmod g+s /opt/share/
root@eltex-practice2-pg2-v2:~# ls -ld /opt/share/
drwxrwsr-x 2 root mew 4096 Mar 16 07:07 /opt/share/

root@eltex-practice2-pg2-v2:~# vim /home/user1/.bashrc
# added line:
umask 004

root@eltex-practice2-pg2-v2:~# su - user1
user1@eltex-practice2-pg2-v2:~$ umask
0004
user1@eltex-practice2-pg2-v2:~$ touch test
user1@eltex-practice2-pg2-v2:~$ ls -l test
-rw-rw--w- 1 user1 user1 0 Mar 16 07:21 test
user1@eltex-practice2-pg2-v2:~$ exit
logout

root@eltex-practice2-pg2-v2:~# su - user1
user1@eltex-practice2-pg2-v2:~$ touch /opt/share/file_user1
user1@eltex-practice2-pg2-v2:~$ ls -l /opt/share/
total 0
-rw-rw--w- 1 user1 mew 0 Mar 16 07:24 file_user1
user1@eltex-practice2-pg2-v2:~$ exit
logout

root@eltex-practice2-pg2-v2:~# su - user2
user2@eltex-practice2-pg2-v2:~$ touch /opt/share/file_user2
user2@eltex-practice2-pg2-v2:~$ ls -l /opt/share/
total 0
-rw-rw--w- 1 user1 mew 0 Mar 16 07:24 file_user1
-rw-rw-r-- 1 user2 mew 0 Mar 16 07:25 file_user2
user2@eltex-practice2-pg2-v2:~$ exit
logout

root@eltex-practice2-pg2-v2:~# su -s /bin/bash user3
user3@eltex-practice2-pg2-v2:/root$ touch /opt/share/file_user3
user3@eltex-practice2-pg2-v2:/root$ ls -l /opt/share/
total 0
-rw-rw--w- 1 user1 mew 0 Mar 16 07:24 file_user1
-rw-rw-r-- 1 user2 mew 0 Mar 16 07:25 file_user2
-rw-rw-r-- 1 user3 mew 0 Mar 16 07:34 file_user3
user3@eltex-practice2-pg2-v2:/root$ exit
exit

root@eltex-practice2-pg2-v2:~# su - user1
user1@eltex-practice2-pg2-v2:~$ touch /opt/share/file2_user1
user1@eltex-practice2-pg2-v2:~$ ls -l /opt/share/
total 0
-rw-rw--w- 1 user1 mew 0 Mar 16 07:40 file2_user1
-rw-rw--w- 1 user1 mew 0 Mar 16 07:24 file_user1
-rw-rw-r-- 1 user2 mew 0 Mar 16 07:25 file_user2
-rw-rw-r-- 1 user3 mew 0 Mar 16 07:34 file_user3
user1@eltex-practice2-pg2-v2:~$ exit
logout

root@eltex-practice2-pg2-v2:~# su - user2
user2@eltex-practice2-pg2-v2:~$ touch /opt/share/file2_user2
user2@eltex-practice2-pg2-v2:~$ exit
logout

root@eltex-practice2-pg2-v2:~# su -s /bin/bash user3
user3@eltex-practice2-pg2-v2:/root$ touch /opt/share/file2_user3
user3@eltex-practice2-pg2-v2:/root$ ls -l /opt/share/
total 0
-rw-rw--w- 1 user1 mew 0 Mar 16 07:40 file2_user1
-rw-rw-r-- 1 user2 mew 0 Mar 16 07:40 file2_user2
-rw-rw-r-- 1 user3 mew 0 Mar 16 07:41 file2_user3
-rw-rw--w- 1 user1 mew 0 Mar 16 07:24 file_user1
-rw-rw-r-- 1 user2 mew 0 Mar 16 07:25 file_user2
-rw-rw-r-- 1 user3 mew 0 Mar 16 07:34 file_user3

user3@eltex-practice2-pg2-v2:/root$ rm /opt/share/file_user1 /opt/share/file_user2
user3@eltex-practice2-pg2-v2:/root$ ls -l /opt/share/
total 0
-rw-rw--w- 1 user1 mew 0 Mar 16 07:40 file2_user1
-rw-rw-r-- 1 user2 mew 0 Mar 16 07:40 file2_user2
-rw-rw-r-- 1 user3 mew 0 Mar 16 07:41 file2_user3
-rw-rw-r-- 1 user3 mew 0 Mar 16 07:34 file_user3
user3@eltex-practice2-pg2-v2:/root$ exit
exit

root@eltex-practice2-pg2-v2:~# su - user2
user2@eltex-practice2-pg2-v2:~$ rm /opt/share/file_user3 /opt/share/file2_user1
user2@eltex-practice2-pg2-v2:~$ ls -l /opt/share/
total 0
-rw-rw-r-- 1 user2 mew 0 Mar 16 07:40 file2_user2
-rw-rw-r-- 1 user3 mew 0 Mar 16 07:41 file2_user3
user2@eltex-practice2-pg2-v2:~$ exit
logout

root@eltex-practice2-pg2-v2:~# su - user1
user1@eltex-practice2-pg2-v2:~$ rm /opt/share/file2_user2 /opt/share/file2_user3
user1@eltex-practice2-pg2-v2:~$ ls -l /opt/share/
total 0
user1@eltex-practice2-pg2-v2:~$ exit
logout

root@eltex-practice2-pg2-v2:~# ls -ld /tmp
drwxrwxrwt 14 root root 4096 Mar 16 06:28 /tmp

root@eltex-practice2-pg2-v2:~# chmod +t /opt/share/
root@eltex-practice2-pg2-v2:~# ls -ld /opt/share/
drwxrwsr-t 2 root mew 4096 Mar 16 07:43 /opt/share/

root@eltex-practice2-pg2-v2:~# su - user1
user1@eltex-practice2-pg2-v2:~$ touch /opt/share/file_user1
user1@eltex-practice2-pg2-v2:~$ exit
logout

root@eltex-practice2-pg2-v2:~# su - user2
user2@eltex-practice2-pg2-v2:~$ touch /opt/share/file_user2
user2@eltex-practice2-pg2-v2:~$ exit
logout

root@eltex-practice2-pg2-v2:~# su -s /bin/bash user3
user3@eltex-practice2-pg2-v2:/root$ touch /opt/share/file_user3
user3@eltex-practice2-pg2-v2:/root$ ls -l /opt/share/
total 0
-rw-rw--w- 1 user1 mew 0 Mar 16 07:52 file_user1
-rw-rw-r-- 1 user2 mew 0 Mar 16 07:52 file_user2
-rw-rw-r-- 1 user3 mew 0 Mar 16 07:52 file_user3

user3@eltex-practice2-pg2-v2:/root$ rm /opt/share/file_user1
rm: cannot remove '/opt/share/file_user1': Operation not permitted

user3@eltex-practice2-pg2-v2:/root$ rm /opt/share/file_user2
rm: cannot remove '/opt/share/file_user2': Operation not permitted

user3@eltex-practice2-pg2-v2:/root$ ls -l /opt/share/
total 0
-rw-rw--w- 1 user1 mew 0 Mar 16 07:52 file_user1
-rw-rw-r-- 1 user2 mew 0 Mar 16 07:52 file_user2
-rw-rw-r-- 1 user3 mew 0 Mar 16 07:52 file_user3
user3@eltex-practice2-pg2-v2:/root$ exit
exit

root@eltex-practice2-pg2-v2:~# su - user2
user2@eltex-practice2-pg2-v2:~$ rm /opt/share/file_user1
rm: cannot remove '/opt/share/file_user1': Operation not permitted
user2@eltex-practice2-pg2-v2:~$ rm /opt/share/file_user3
rm: cannot remove '/opt/share/file_user3': Operation not permitted
user2@eltex-practice2-pg2-v2:~$ ls -l /opt/share/
total 0
-rw-rw--w- 1 user1 mew 0 Mar 16 07:52 file_user1
-rw-rw-r-- 1 user2 mew 0 Mar 16 07:52 file_user2
-rw-rw-r-- 1 user3 mew 0 Mar 16 07:52 file_user3
user2@eltex-practice2-pg2-v2:~$ exit
logout

root@eltex-practice2-pg2-v2:~# su - user1
user1@eltex-practice2-pg2-v2:~$ rm /opt/share/file_user2
rm: cannot remove '/opt/share/file_user2': Operation not permitted
user1@eltex-practice2-pg2-v2:~$ rm /opt/share/file_user3
rm: cannot remove '/opt/share/file_user3': Operation not permitted
user1@eltex-practice2-pg2-v2:~$ ls -l /opt/share/
total 0
-rw-rw--w- 1 user1 mew 0 Mar 16 07:52 file_user1
-rw-rw-r-- 1 user2 mew 0 Mar 16 07:52 file_user2
-rw-rw-r-- 1 user3 mew 0 Mar 16 07:52 file_user3
user1@eltex-practice2-pg2-v2:~$ exit
logout

root@eltex-practice2-pg2-v2:~# visudo
# added line:
user1 ALL=(ALL) NOPASSWD: /usr/bin/dmesg

user1@eltex-practice2-pg2-v2:~$ sudo dmesg
[    0.000000] Linux version 6.8.0-55-generic ...
[    0.000000] Command line: BOOT_IMAGE=/vmlinuz-6.8.0-55-generic root=/dev/mapper/ubuntu--vg-ubuntu--lv ro
[    0.000000] KERNEL supported cpus:
[    0.000000]   Intel GenuineIntel
[    0.000000]   AMD AuthenticAMD
...
[output truncated]
user1@eltex-practice2-pg2-v2:~$ exit
logout

root@eltex-practice2-pg2-v2:~# vim /opt/dmesg_script.sh
# file content:
#!/bin/bash
/usr/bin/dmesg

root@eltex-practice2-pg2-v2:~# chmod +x /opt/dmesg_script.sh
root@eltex-practice2-pg2-v2:~# chown root:root /opt/dmesg_script.sh
root@eltex-practice2-pg2-v2:~# chmod u+s /opt/dmesg_script.sh
root@eltex-practice2-pg2-v2:~# ls -l /opt/dmesg_script.sh
-rwsr-xr-x 1 root root 27 Mar 16 08:08 /opt/dmesg_script.sh

root@eltex-practice2-pg2-v2:~# su - user2
user2@eltex-practice2-pg2-v2:~$ /opt/dmesg_script.sh
dmesg: read kernel buffer failed: Operation not permitted
user2@eltex-practice2-pg2-v2:~$ exit
logout

root@eltex-practice2-pg2-v2:~# vim /opt/dmesg_script.sh
# updated file content:
#!/bin/bash
su -c "/usr/bin/dmesg" root

root@eltex-practice2-pg2-v2:~# ls -l /opt/dmesg_script.sh
-rwsr-xr-x 1 root root 40 Mar 16 08:12 /opt/dmesg_script.sh

root@eltex-practice2-pg2-v2:~# su - user2
user2@eltex-practice2-pg2-v2:~$ /opt/dmesg_script.sh
Password:
[    0.000000] Linux version 6.8.0-55-generic ...
[    0.000000] Command line: BOOT_IMAGE=/vmlinuz-6.8.0-55-generic root=/dev/mapper/ubuntu--vg-ubuntu--lv ro
[    0.000000] KERNEL supported cpus:
[    0.000000]   Intel GenuineIntel
[    0.000000]   AMD AuthenticAMD
...
[output truncated]

user2@eltex-practice2-pg2-v2:~$ exit
logout

root@eltex-practice2-pg2-v2:~# chage -M 10 user1
root@eltex-practice2-pg2-v2:~# chage -M 10 user2
root@eltex-practice2-pg2-v2:~# chage -l user1
Last password change                                        : Mar 12, 2026
Password expires                                            : Mar 22, 2026
Password inactive                                           : never
Account expires                                             : never
Minimum number of days between password change              : 0
Maximum number of days between password change              : 10
Number of days of warning before password expires           : 7

root@eltex-practice2-pg2-v2:~# chage -l user2
Last password change                                        : Mar 12, 2026
Password expires                                            : Mar 22, 2026
Password inactive                                           : never
Account expires                                             : never
Minimum number of days between password change              : 0
Maximum number of days between password change              : 10
Number of days of warning before password expires           : 7

root@eltex-practice2-pg2-v2:~# vim /etc/motd
# file content:
Кислицына Дарья

root@eltex-practice2-pg2-v2:~# cat /etc/motd
Кислицына Дарья

root@eltex-practice2-pg2-v2:~# mkdir /root/etc_backup
root@eltex-practice2-pg2-v2:~# rsync -av /etc/ /root/etc_backup/

root@eltex-practice2-pg2-v2:~# tar -czf /root/etc_backup.tar.gz /root/etc_backup/
tar: Removing leading `/' from member names

root@eltex-practice2-pg2-v2:~# ls
etc_backup  etc_backup.tar.gz  practice2_root_part1.log

root@eltex-practice2-pg2-v2:~# tar -cjf /root/etc_backup.tar.bz2 /root/etc_backup
tar: Removing leading `/' from member names
/bin/sh: 1: bzip2: not found
tar: /root/etc_backup.tar.bz2: Cannot write: Broken pipe
tar: Child returned status 127
tar: Error is not recoverable: exiting now

root@eltex-practice2-pg2-v2:~# apt install bzip2
Reading package lists... Done
Building dependency tree... Done
Reading state information... Done
Suggested packages:
  bzip2-doc
The following NEW packages will be installed:
  bzip2
0 upgraded, 1 newly installed, 0 to remove and 87 not upgraded.
Need to get 34.5 kB of archives.
After this operation, 112 kB of additional disk space will be used.
Get:1 http://ru.archive.ubuntu.com/ubuntu noble-updates/main amd64 bzip2 amd64 1.0.8-5.1build0.1 [34.5 kB]
Fetched 34.5 kB in 0s (202 kB/s)
Selecting previously unselected package bzip2.
(Reading database ... 125194 files and directories currently installed.)
Preparing to unpack .../bzip2_1.0.8-5.1build0.1_amd64.deb ...
Unpacking bzip2 (1.0.8-5.1build0.1) ...
Setting up bzip2 (1.0.8-5.1build0.1) ...
Processing triggers for man-db (2.12.0-4build2) ...

Pending kernel upgrade!
Running kernel version:
  6.8.0-55-generic
Diagnostics:
  The currently running kernel version is not the expected kernel version
  6.8.0-106-generic.

Restarting the system to load the new kernel will not be handled automatically, so
you should consider rebooting.

Restarting services...

Service restarts being deferred:
 /etc/needrestart/restart.d/dbus.service
 systemctl restart getty@tty1.service
 systemctl restart systemd-logind.service
 systemctl restart unattended-upgrades.service

No containers need to be restarted.
No user sessions are running outdated binaries.
No VM guests are running outdated hypervisor (qemu) binaries on this host.

root@eltex-practice2-pg2-v2:~# apt install bzip2
Reading package lists... Done
Building dependency tree... Done
Reading state information... Done
bzip2 is already the newest version (1.0.8-5.1build0.1).
0 upgraded, 0 newly installed, 0 to remove and 87 not upgraded.

root@eltex-practice2-pg2-v2:~# tar -cjf /root/etc_backup.tar.bz2 /root/etc_backup
tar: Removing leading `/' from member names

root@eltex-practice2-pg2-v2:~# tar -cJf /root/etc_backup.tar.xz /root/etc_backup
tar: Removing leading `/' from member names

root@eltex-practice2-pg2-v2:~# ls
etc_backup  etc_backup.tar.bz2  etc_backup.tar.gz  etc_backup.tar.xz  practice2_root_part1.log

root@eltex-practice2-pg2-v2:~# ls -lh /root/etc_backup.tar.*
-rw-r--r-- 1 root root 553K Mar 16 09:02 /root/etc_backup.tar.bz2
-rw-r--r-- 1 root root 583K Mar 16 08:45 /root/etc_backup.tar.gz
-rw-r--r-- 1 root root 471K Mar 16 09:03 /root/etc_backup.tar.xz

root@eltex-practice2-pg2-v2:~# date > /etc/motd
root@eltex-practice2-pg2-v2:~# cat /etc/motd
Mon Mar 16 09:10:39 AM UTC 2026

root@eltex-practice2-pg2-v2:~# echo "Кислицына Дарья" > /etc/motd
root@eltex-practice2-pg2-v2:~# date >> /etc/motd
root@eltex-practice2-pg2-v2:~# cat /etc/motd
Кислицына Дарья
Mon Mar 16 09:12:13 AM UTC 2026

root@eltex-practice2-pg2-v2:~# rsync -av /etc/ /root/etc_backup
sending incremental file list
motd

sent 70,011 bytes  received 283 bytes  140,588.00 bytes/sec
total size is 2,366,605  speedup is 33.67

root@eltex-practice2-pg2-v2:~# tar -tjf /root/etc_backup.tar.bz2
root/etc_backup/
root/etc_backup/rc4.d/
...
[output truncated]

root@eltex-practice2-pg2-v2:~# ls -R /root/etc_backup
/root/etc_backup:
adduser.conf
alternatives
...
[output truncated]

root@eltex-practice2-pg2-v2:~# tar -tjf /root/etc_backup.tar.bz2 | sed 's#^root/##; s#/$##' | sort > /tmp/archive_list
root@eltex-practice2-pg2-v2:~# find etc_backup | sed 's#/$##' | sort > /tmp/dir_list
root@eltex-practice2-pg2-v2:~# diff -q /tmp/archive_list /tmp/dir_list

root@eltex-practice2-pg2-v2:~# mkdir /root/etc_backup_gzip
root@eltex-practice2-pg2-v2:~# tar -xzf /root/etc_backup.tar.gz -C /root/etc_backup_gzip/

root@eltex-practice2-pg2-v2:~# mkdir /root/etc_backup_7zip
root@eltex-practice2-pg2-v2:~# tar -xJf /root/etc_backup.tar.xz -C /root/etc_backup_7zip/

root@eltex-practice2-pg2-v2:~# find /root/etc_backup_gzip/ -name motd
/root/etc_backup_gzip/root/etc_backup/motd

root@eltex-practice2-pg2-v2:~# find /root/etc_backup_7zip/ -name motd
/root/etc_backup_7zip/root/etc_backup/motd

root@eltex-practice2-pg2-v2:~# diff -q /root/etc_backup_gzip/root/etc_backup/motd /root/etc_backup_7zip/root/etc_backup/motd
Files /root/etc_backup_gzip/root/etc_backup/motd and /root/etc_backup_7zip/root/etc_backup/motd differ

root@eltex-practice2-pg2-v2:~# cat /root/etc_backup_gzip/root/etc_backup/motd
Кислицына Дарья
Mon Mar 16 09:12:13 AM UTC 2026

root@eltex-practice2-pg2-v2:~# cat /root/etc_backup_7zip/root/etc_backup/motd
Кислицына Дарья
